0 info it worked if it ends with ok
1 verbose cli [ '/usr/local/bin/node', '/usr/local/bin/npm', 'run', 'dev' ]
2 info using npm@3.3.12
3 info using node@v5.4.0
4 verbose run-script [ 'predev', 'dev', 'postdev' ]
5 info lifecycle domeviewer@0.1.0~predev: domeviewer@0.1.0
6 silly lifecycle domeviewer@0.1.0~predev: no script for predev, continuing
7 info lifecycle domeviewer@0.1.0~dev: domeviewer@0.1.0
8 verbose lifecycle domeviewer@0.1.0~dev: unsafe-perm in lifecycle true
9 verbose lifecycle domeviewer@0.1.0~dev: PATH: /usr/local/lib/node_modules/npm/bin/node-gyp-bin:/Users/diroru/Development/projects/js/domeviewer/node_modules/.bin:./node/.bin:/Users/diroru/.node/bin:/usr/local/bin:/usr/bin:/bin:/usr/sbin:/sbin:/opt/X11/bin
10 verbose lifecycle domeviewer@0.1.0~dev: CWD: /Users/diroru/Development/projects/js/domeviewer
11 silly lifecycle domeviewer@0.1.0~dev: Args: [ '-c', 'build && livereload' ]
12 info lifecycle domeviewer@0.1.0~dev: Failed to exec dev script
13 verbose stack Error: domeviewer@0.1.0 dev: `build && livereload`
13 verbose stack spawn ENOENT
13 verbose stack     at ChildProcess.<anonymous> (/usr/local/lib/node_modules/npm/lib/utils/spawn.js:17:16)
13 verbose stack     at emitTwo (events.js:87:13)
13 verbose stack     at ChildProcess.emit (events.js:172:7)
13 verbose stack     at maybeClose (internal/child_process.js:821:16)
13 verbose stack     at Process.ChildProcess._handle.onexit (internal/child_process.js:211:5)
14 verbose pkgid domeviewer@0.1.0
15 verbose cwd /Users/diroru/Development/projects/js/domeviewer
16 error Darwin 15.3.0
17 error argv "/usr/local/bin/node" "/usr/local/bin/npm" "run" "dev"
18 error node v5.4.0
19 error npm  v3.3.12
20 error file sh
21 error code ELIFECYCLE
22 error errno ENOENT
23 error syscall spawn
24 error domeviewer@0.1.0 dev: `build && livereload`
24 error spawn ENOENT
25 error Failed at the domeviewer@0.1.0 dev script 'build && livereload'.
25 error Make sure you have the latest version of node.js and npm installed.
25 error If you do, this is most likely a problem with the domeviewer package,
25 error not with npm itself.
25 error Tell the author that this fails on your system:
25 error     build && livereload
25 error You can get their info via:
25 error     npm owner ls domeviewer
25 error There is likely additional logging output above.
26 verbose exit [ 1, true ]
